#
# A fatal error has been detected by the Java Runtime Environment:
#
#  EXCEPTION_ACCESS_VIOLATION (0xc0000005) at pc=0x0000000051dfc750, pid=5248, tid=7808
#
# JRE version: 6.0_17-b04
# Java VM: Java HotSpot(TM) 64-Bit Server VM (14.3-b01 mixed mode windows-amd64 )
# Problematic frame:
# C  0x0000000051dfc750
#
# If you would like to submit a bug report, please visit:
#   http://java.sun.com/webapps/bugreport/crash.jsp
# The crash happened outside the Java Virtual Machine in native code.
# See problematic frame for where to report the bug.
#

---------------  T H R E A D  ---------------

Current thread (0x0000000052391800):  JavaThread "AWT-EventQueue-0" [_thread_in_native, id=7808, stack(0x00000000afff0000,0x00000000b3ff0000)]

siginfo: ExceptionCode=0xc0000005, reading address 0x0000000000000008

Registers:
EAX=0x000000000000000d, EBX=0x00000000523919b8, ECX=0x0000000000000000, EDX=0xfffffffffb0115a8
ESP=0x00000000b3fee418, EBP=0x0000000076da3570, ESI=0x00000000523919b8, EDI=0x0000000076bc2200
EIP=0x0000000051dfc750, EFLAGS=0x0000000000010202

Top of Stack: (sp=0x00000000b3fee418)
0x00000000b3fee418:   0000000051da589c 00000000523919b8
0x00000000b3fee428:   0000000076da3570 00000000523919b8
0x00000000b3fee438:   0000000076bc2200 00000000b3fee4a8
0x00000000b3fee448:   00000000523919b8 000000003a2e42b8
0x00000000b3fee458:   0000000051d83810 00000000523919b8
0x00000000b3fee468:   00000000b3feeb38 00000000b3feebb0
0x00000000b3fee478:   0000000076da3570 000000003e81ef30
0x00000000b3fee488:   0000000051da2151 0000005d00000000
0x00000000b3fee498:   00000000b3feeba8 0000000048c4d8a0
0x00000000b3fee4a8:   00000000b3feebb0 00000000329c1100
0x00000000b3fee4b8:   00000000472992b0 000000003d6a99d0
0x00000000b3fee4c8:   00000000329c155c 00000000000003e8
0x00000000b3fee4d8:   00000000000003e8 000000003e58b750
0x00000000b3fee4e8:   000000003e4456b0 000000003e4456b0
0x00000000b3fee4f8:   00000000472939b8 000000003d6de578
0x00000000b3fee508:   0000000000000007 0000000100000000 

Instructions: (pc=0x0000000051dfc750)
0x0000000051dfc740:   48 8b 41 08 48 8b 80 18 0c 00 00 c3 cc cc cc cc
0x0000000051dfc750:   48 8b 49 08 48 85 c9 74 05 e9 72 f6 fd ff 33 c0 


Stack: [0x00000000afff0000,0x00000000b3ff0000],  sp=0x00000000b3fee418,  free space=65529k
Native frames: (J=compiled Java code, j=interpreted, Vv=VM code, C=native code)
C  0x0000000051dfc750

Java frames: (J=compiled Java code, j=interpreted, Vv=VM code)
j  sun.java2d.windows.GDIBlitLoops.nativeBlit(Lsun/java2d/SurfaceData;Lsun/java2d/SurfaceData;Lsun/java2d/pipe/Region;IIIIIIIIIZ)V+0
j  sun.java2d.windows.GDIBlitLoops.Blit(Lsun/java2d/SurfaceData;Lsun/java2d/SurfaceData;Ljava/awt/Composite;Lsun/java2d/pipe/Region;IIIIII)V+33
J  sun.java2d.pipe.DrawImage.copyImage(Lsun/java2d/SunGraphics2D;Ljava/awt/Image;IILjava/awt/Color;Ljava/awt/image/ImageObserver;)Z
J  sun.java2d.SunGraphics2D.drawImage(Ljava/awt/Image;IILjava/awt/Color;Ljava/awt/image/ImageObserver;)Z
J  javax.swing.RepaintManager$PaintManager.paintDoubleBuffered(Ljavax/swing/JComponent;Ljava/awt/Image;Ljava/awt/Graphics;IIII)V
J  javax.swing.RepaintManager$PaintManager.paint(Ljavax/swing/JComponent;Ljavax/swing/JComponent;Ljava/awt/Graphics;IIII)Z
j  javax.swing.RepaintManager.paint(Ljavax/swing/JComponent;Ljavax/swing/JComponent;Ljava/awt/Graphics;IIII)V+52
J  javax.swing.JComponent.paint(Ljava/awt/Graphics;)V
j  java.awt.GraphicsCallback$PaintCallback.run(Ljava/awt/Component;Ljava/awt/Graphics;)V+2
j  sun.awt.SunGraphicsCallback.runOneComponent(Ljava/awt/Component;Ljava/awt/Rectangle;Ljava/awt/Graphics;Ljava/awt/Shape;I)V+155
j  sun.awt.SunGraphicsCallback.runComponents([Ljava/awt/Component;Ljava/awt/Graphics;I)V+104
j  java.awt.Container.paint(Ljava/awt/Graphics;)V+73
J  javax.swing.RepaintManager.paintDirtyRegions(Ljava/util/Map;)V
j  javax.swing.RepaintManager.paintDirtyRegions()V+46
j  javax.swing.RepaintManager.seqPaintDirtyRegions()V+73
j  javax.swing.SystemEventQueueUtilities$ComponentWorkRequest.run()V+36
J  java.awt.EventDispatchThread.pumpOneEventForFilters(I)Z
J  java.awt.EventDispatchThread.pumpEventsForFilter(ILjava/awt/Conditional;Ljava/awt/EventFilter;)V
j  java.awt.EventDispatchThread.pumpEventsForHierarchy(ILjava/awt/Conditional;Ljava/awt/Component;)V+11
j  java.awt.EventDispatchThread.pumpEvents(ILjava/awt/Conditional;)V+4
j  java.awt.EventDispatchThread.pumpEvents(Ljava/awt/Conditional;)V+3
j  java.awt.EventDispatchThread.run()V+9
v  ~StubRoutines::call_stub

---------------  P R O C E S S  ---------------

Java Threads: ( => current thread )
  0x0000000123729800 JavaThread "Browser Events Thread" daemon [_thread_blocked, id=15024, stack(0x000000013be70000,0x000000013fe70000)]
  0x000000012372c800 JavaThread "Main message loop" daemon [_thread_in_native, id=15036, stack(0x0000000108f00000,0x000000010cf00000)]
  0x0000000123725000 JavaThread "Explorer NavigationContext request queue" daemon [_thread_blocked, id=12936, stack(0x00000000e3f30000,0x00000000e7f30000)]
  0x0000000123728800 JavaThread "pool-6-thread-1" [_thread_blocked, id=14004, stack(0x0000000127e70000,0x000000012be70000)]
  0x0000000123726000 JavaThread "Foxtrot Single Worker Thread #1" daemon [_thread_blocked, id=8604, stack(0x0000000104f00000,0x0000000108f00000)]
  0x0000000123728000 JavaThread "pool-1-thread-1" [_thread_blocked, id=5860, stack(0x00000000fcf00000,0x0000000100f00000)]
  0x0000000123727000 JavaThread "pool-7-thread-1" [_thread_blocked, id=9068, stack(0x00000000f8f00000,0x00000000fcf00000)]
  0x0000000123723800 JavaThread "Code Analyzer updating thread" [_thread_blocked, id=8696, stack(0x00000000eff30000,0x00000000f3f30000)]
  0x0000000123720000 JavaThread "Code Analyzer updating thread" [_thread_blocked, id=7692, stack(0x00000000e7f30000,0x00000000ebf30000)]
  0x0000000123721800 JavaThread "Active Reference Queue Daemon" daemon [_thread_blocked, id=2616, stack(0x00000000dff30000,0x00000000e3f30000)]
  0x0000000123723000 JavaThread "Timer-2" daemon [_thread_blocked, id=7208, stack(0x00000000dbf30000,0x00000000dff30000)]
  0x000000012371f000 JavaThread "Prefs Updater" daemon [_thread_blocked, id=8976, stack(0x0000000014180000,0x0000000018180000)]
  0x0000000123722000 JavaThread "Swing-Shell" daemon [_thread_blocked, id=6788, stack(0x0000000123e70000,0x0000000127e70000)]
  0x0000000076325000 JavaThread "Timer-1" daemon [_thread_blocked, id=3464, stack(0x0000000100f00000,0x0000000104f00000)]
  0x0000000076324800 JavaThread "com.jniwrapper.NativeResourceCollector" daemon [_thread_blocked, id=6160, stack(0x00000000f3f30000,0x00000000f7f30000)]
  0x00000000533fd800 JavaThread "ClipboardMonitor Timer" daemon [_thread_blocked, id=6128, stack(0x00000000cff30000,0x00000000d3f30000)]
  0x00000000533ff000 JavaThread "AddressBar directory emptiness poller" daemon [_thread_blocked, id=8572, stack(0x00000000d7f30000,0x00000000dbf30000)]
  0x00000000533fd000 JavaThread "Explorer Refresh Service 1965695577" daemon [_thread_blocked, id=1324, stack(0x00000000d3f30000,0x00000000d7f30000)]
  0x00000000533fc000 JavaThread "Thread-4" daemon [_thread_blocked, id=8120, stack(0x00000000caf60000,0x00000000cef60000)]
  0x00000000533fb800 JavaThread "TimerQueue" daemon [_thread_blocked, id=8916, stack(0x00000000c3ff0000,0x00000000c7ff0000)]
  0x00000000533fa800 JavaThread "Thread-3" daemon [_thread_blocked, id=4024, stack(0x00000000b3ff0000,0x00000000b7ff0000)]
  0x00000000533fa000 JavaThread "FelixPackageAdmin" daemon [_thread_blocked, id=5336, stack(0x00000000bfff0000,0x00000000c3ff0000)]
  0x0000000053569800 JavaThread "FelixStartLevel" daemon [_thread_blocked, id=6508, stack(0x00000000bbff0000,0x00000000bfff0000)]
  0x000000005339c800 JavaThread "FelixDispatchQueue" daemon [_thread_blocked, id=9032, stack(0x00000000b7ff0000,0x00000000bbff0000)]
=>0x0000000052391800 JavaThread "AWT-EventQueue-0" [_thread_in_native, id=7808, stack(0x00000000afff0000,0x00000000b3ff0000)]
  0x0000000053320800 JavaThread "com.google.common.base.internal.Finalizer" daemon [_thread_blocked, id=7608, stack(0x00000000abff0000,0x00000000afff0000)]
  0x00000000531ac000 JavaThread "AWT-Windows" daemon [_thread_in_native, id=6352, stack(0x00000000a3ff0000,0x00000000a7ff0000)]
  0x00000000531ab800 JavaThread "AWT-Shutdown" [_thread_blocked, id=8292, stack(0x000000009fff0000,0x00000000a3ff0000)]
  0x00000000531ab000 JavaThread "Java2D Disposer" daemon [_thread_blocked, id=6948, stack(0x000000009bff0000,0x000000009fff0000)]
  0x0000000052d65000 JavaThread "Timer-0" [_thread_blocked, id=6288, stack(0x0000000097ff0000,0x000000009bff0000)]
  0x0000000052d66000 JavaThread "EventMgr Dispatcher" daemon [_thread_in_native, id=6032, stack(0x0000000093ff0000,0x0000000097ff0000)]
  0x0000000051c28800 JavaThread "Low Memory Detector" daemon [_thread_blocked, id=3688, stack(0x000000008bff0000,0x000000008fff0000)]
  0x0000000051c23800 JavaThread "CompilerThread1" daemon [_thread_blocked, id=7176, stack(0x0000000087ff0000,0x000000008bff0000)]
  0x0000000051c19800 JavaThread "CompilerThread0" daemon [_thread_blocked, id=5888, stack(0x0000000083ff0000,0x0000000087ff0000)]
  0x0000000051c18800 JavaThread "Attach Listener" daemon [_thread_blocked, id=2448, stack(0x000000007fff0000,0x0000000083ff0000)]
  0x0000000019194000 JavaThread "Finalizer" daemon [_thread_blocked, id=3136, stack(0x000000007bc70000,0x000000007fc70000)]
  0x0000000051be6000 JavaThread "Reference Handler" daemon [_thread_blocked, id=2972, stack(0x000000006bcc0000,0x000000006fcc0000)]
  0x00000000190b3800 JavaThread "main" [_thread_in_native, id=8524, stack(0x0000000000040000,0x0000000004040000)]

Other Threads:
  0x0000000051be1800 VMThread [stack: 0x0000000067cc0000,0x000000006bcc0000] [id=8432]
  0x0000000051c61000 WatcherThread [stack: 0x000000008fff0000,0x0000000093ff0000] [id=5960]

VM state:not at safepoint (normal execution)

VM Mutex/Monitor currently owned by a thread: None

Heap
 PSYoungGen      total 36096K, used 10539K [0x00000000468e0000, 0x0000000049100000, 0x00000000499e0000)
  eden space 33472K, 30% used [0x00000000468e0000,0x00000000472b4d20,0x0000000048990000)
  from space 2624K, 18% used [0x0000000048c20000,0x0000000048c962c8,0x0000000048eb0000)
  to   space 2624K, 0% used [0x0000000048990000,0x0000000048990000,0x0000000048c20000)
 PSOldGen        total 150528K, used 126091K [0x000000003d5e0000, 0x00000000468e0000, 0x00000000468e0000)
  object space 150528K, 83% used [0x000000003d5e0000,0x0000000045102f30,0x00000000468e0000)
 PSPermGen       total 84544K, used 78878K [0x00000000355e0000, 0x000000003a870000, 0x000000003d5e0000)
  object space 84544K, 93% used [0x00000000355e0000,0x000000003a2e7bc8,0x000000003a870000)

Dynamic libraries:
0x0000000140000000 - 0x0000000140028000 	C:\Program Files\MATLAB\R2013a\bin\win64\MATLAB.exe
0x00007fffdb740000 - 0x00007fffdb8ec000 	C:\Windows\SYSTEM32\ntdll.dll
0x00007fffdb5f0000 - 0x00007fffdb72a000 	C:\Windows\system32\KERNEL32.DLL
0x00007fffd8a50000 - 0x00007fffd8b5f000 	C:\Windows\system32\KERNELBASE.dll
0x0000000074460000 - 0x0000000074515000 	C:\Program Files\MATLAB\R2013a\bin\win64\libut.dll
0x0000000073f70000 - 0x0000000074112000 	C:\Program Files\MATLAB\R2013a\bin\win64\libmwfl.dll
0x0000000180000000 - 0x000000018032f000 	C:\Program Files\MATLAB\R2013a\bin\win64\libmwservices.dll
0x0000000074970000 - 0x0000000074a18000 	C:\Program Files\MATLAB\R2013a\bin\win64\mcr.dll
0x0000000004340000 - 0x0000000004496000 	C:\Program Files\MATLAB\R2013a\bin\win64\mvm.dll
0x0000000057c20000 - 0x0000000057cb8000 	C:\Program Files\MATLAB\R2013a\bin\win64\MSVCP100.dll
0x0000000057b40000 - 0x0000000057c12000 	C:\Program Files\MATLAB\R2013a\bin\win64\MSVCR100.dll
0x00000000758a0000 - 0x000000007595f000 	C:\Program Files\MATLAB\R2013a\bin\win64\libmwi18n.dll
0x0000000004130000 - 0x0000000004151000 	C:\Program Files\MATLAB\R2013a\bin\win64\libmwmfl_scalar.dll
0x0000000056c60000 - 0x0000000056c69000 	C:\Program Files\MATLAB\R2013a\bin\win64\boost_system-vc100-mt-1_49.dll
0x0000000056c40000 - 0x0000000056c51000 	C:\Program Files\MATLAB\R2013a\bin\win64\boost_thread-vc100-mt-1_49.dll
0x00007fffca4c0000 - 0x00007fffca54c000 	C:\Program Files\MATLAB\R2013a\bin\win64\boost_log-vc100-mt-1_49.dll
0x0000000055ae0000 - 0x0000000055c1e000 	C:\Program Files\MATLAB\R2013a\bin\win64\icuuc49.dll
0x0000000056c30000 - 0x0000000056c40000 	C:\Program Files\MATLAB\R2013a\bin\win64\icuio49.dll
0x00007fffcc020000 - 0x00007fffcc053000 	C:\Program Files\MATLAB\R2013a\bin\win64\tbb.dll
0x00007fffd91b0000 - 0x00007fffd91b7000 	C:\Windows\system32\PSAPI.DLL
0x00007fffb8360000 - 0x00007fffb84e8000 	C:\Windows\SYSTEM32\dbghelp.dll
0x00007fffd9010000 - 0x00007fffd90b5000 	C:\Windows\system32\ADVAPI32.dll
0x00007fffdb180000 - 0x00007fffdb2f1000 	C:\Windows\system32\USER32.dll
0x0000000000020000 - 0x000000000002d000 	C:\Program Files\MATLAB\R2013a\bin\win64\libmwresource_core.dll
0x000000007a350000 - 0x000000007a737000 	C:\Program Files\MATLAB\R2013a\bin\win64\libmwMATLAB_res.dll
0x0000000056c20000 - 0x0000000056c2e000 	C:\Program Files\MATLAB\R2013a\bin\win64\boost_date_time-vc100-mt-1_49.dll
0x0000000056bf0000 - 0x0000000056c1c000 	C:\Program Files\MATLAB\R2013a\bin\win64\boost_filesystem-vc100-mt-1_49.dll
0x0000000055a00000 - 0x0000000055adf000 	C:\Program Files\MATLAB\R2013a\bin\win64\boost_regex-vc100-mt-1_49.dll
0x00000000559e0000 - 0x00000000559f1000 	C:\Program Files\MATLAB\R2013a\bin\win64\boost_signals-vc100-mt-1_49.dll
0x00007fffd8e90000 - 0x00007fffd8ea5000 	C:\Windows\system32\imagehlp.dll
0x00007fffd8010000 - 0x00007fffd8055000 	C:\Windows\SYSTEM32\POWRPROF.dll
0x0000000075a20000 - 0x0000000075b0b000 	C:\Program Files\MATLAB\R2013a\bin\win64\libmx.dll
0x0000000004160000 - 0x00000000041ae000 	C:\Program Files\MATLAB\R2013a\bin\win64\libmwregexp.dll
0x0000000075f10000 - 0x0000000075f57000 	C:\Program Files\MATLAB\R2013a\bin\win64\mpath.dll
0x000000007b680000 - 0x000000007bc66000 	C:\Program Files\MATLAB\R2013a\bin\win64\mlutil.dll
0x00000000041b0000 - 0x00000000041d2000 	C:\Program Files\MATLAB\R2013a\bin\win64\libmwMATLAB_settings_res.dll
0x00000000041e0000 - 0x00000000041e6000 	C:\Program Files\MATLAB\R2013a\bin\win64\libmwnativedisplay.dll
0x00007fffd1d70000 - 0x00007fffd1d80000 	C:\Program Files\MATLAB\R2013a\bin\win64\boost_iostreams-vc100-mt-1_49.dll
0x00007fffcb1c0000 - 0x00007fffcb206000 	C:\Program Files\MATLAB\R2013a\bin\win64\boost_serialization-vc100-mt-1_49.dll
0x00007fffd8bb0000 - 0x00007fffd8c51000 	C:\Windows\WinSxS\amd64_microsoft.windows.common-controls_6595b64144ccf1df_5.82.9600.16384_none_34a8918f959016ea\COMCTL32.dll
0x00007fffd95c0000 - 0x00007fffd965e000 	C:\Windows\system32\COMDLG32.dll
0x00007fffd7940000 - 0x00007fffd7955000 	C:\Windows\SYSTEM32\NETAPI32.dll
0x00007fffd9920000 - 0x00007fffd9978000 	C:\Windows\system32\WS2_32.dll
0x0000000055790000 - 0x00000000559d1000 	C:\Program Files\MATLAB\R2013a\bin\win64\xerces-c_2_7.dll
0x00007fffd9c60000 - 0x00007fffdb178000 	C:\Windows\system32\SHELL32.dll
0x00007fffd9990000 - 0x00007fffd9b08000 	C:\Windows\system32\ole32.dll
0x00007fffd9850000 - 0x00007fffd9911000 	C:\Windows\system32\OLEAUT32.dll
0x0000000075000000 - 0x00000000753b1000 	C:\Program Files\MATLAB\R2013a\bin\win64\iqm.dll
0x0000000079fb0000 - 0x0000000079fdf000 	C:\Program Files\MATLAB\R2013a\bin\win64\libmwbridge.dll
0x00000000041f0000 - 0x0000000004214000 	C:\Program Files\MATLAB\R2013a\bin\win64\libmex.dll
0x0000000074e80000 - 0x0000000074f30000 	C:\Program Files\MATLAB\R2013a\bin\win64\m_dispatcher.dll
0x000000007b0a0000 - 0x000000007b2f6000 	C:\Program Files\MATLAB\R2013a\bin\win64\mcos.dll
0x0000000073cc0000 - 0x0000000073e0e000 	C:\Program Files\MATLAB\R2013a\bin\win64\libmwgui.dll
0x00000000044a0000 - 0x0000000004de3000 	C:\Program Files\MATLAB\R2013a\bin\win64\hg.dll
0x0000000004df0000 - 0x0000000004edb000 	C:\Program Files\MATLAB\R2013a\bin\win64\hgutils.dll
0x0000000004ee0000 - 0x00000000056e8000 	C:\Program Files\MATLAB\R2013a\bin\win64\m_interpreter.dll
0x0000000075710000 - 0x00000000757d8000 	C:\Program Files\MATLAB\R2013a\bin\win64\jmi.dll
0x00000000056f0000 - 0x000000000579e000 	C:\Program Files\MATLAB\R2013a\bin\win64\udd_mi.dll
0x00000000057a0000 - 0x0000000005a6e000 	C:\Program Files\MATLAB\R2013a\bin\win64\uiw.dll
0x000000007a1f0000 - 0x000000007a20d000 	C:\Program Files\MATLAB\R2013a\bin\win64\mwoles05.DLL
0x0000000005a70000 - 0x0000000005adc000 	C:\Program Files\MATLAB\R2013a\bin\win64\comcli.dll
0x0000000004220000 - 0x000000000422c000 	C:\Program Files\MATLAB\R2013a\bin\win64\mlautoregister.dll
0x00007fffd9b10000 - 0x00007fffd9c54000 	C:\Windows\system32\GDI32.dll
0x0000000055760000 - 0x0000000055785000 	C:\Program Files\MATLAB\R2013a\bin\win64\LIBEXPAT.dll
0x00000000555d0000 - 0x000000005575a000 	C:\Program Files\MATLAB\R2013a\bin\win64\icuin49.dll
0x00000000544a0000 - 0x00000000555c2000 	C:\Program Files\MATLAB\R2013a\bin\win64\icudt49.dll
0x00007fffdb300000 - 0x00007fffdb3a7000 	C:\Windows\system32\msvcrt.dll
0x00007fffd9420000 - 0x00007fffd9477000 	C:\Windows\SYSTEM32\sechost.dll
0x00007fffd9480000 - 0x00007fffd95b7000 	C:\Windows\system32\RPCRT4.dll
0x00007fffcb730000 - 0x00007fffcb758000 	C:\Program Files\MATLAB\R2013a\bin\win64\tbbmalloc.dll
0x0000000054480000 - 0x0000000054497000 	C:\Program Files\MATLAB\R2013a\bin\win64\zlib1.dll
0x00000000754d0000 - 0x0000000075547000 	C:\Program Files\MATLAB\R2013a\bin\win64\xmlcore.dll
0x00007fffd9220000 - 0x00007fffd9271000 	C:\Windows\system32\SHLWAPI.dll
0x00007fffd7920000 - 0x00007fffd792c000 	C:\Windows\SYSTEM32\netutils.dll
0x00007fffd8650000 - 0x00007fffd8675000 	C:\Windows\SYSTEM32\srvcli.dll
0x00007fffd78a0000 - 0x00007fffd78b6000 	C:\Windows\SYSTEM32\wkscli.dll
0x00007fffd9980000 - 0x00007fffd9989000 	C:\Windows\system32\NSI.dll
0x00007fffd9670000 - 0x00007fffd9846000 	C:\Windows\SYSTEM32\combase.dll
0x0000000074f40000 - 0x0000000074ff6000 	C:\Program Files\MATLAB\R2013a\bin\win64\udd.dll
0x0000000005b00000 - 0x0000000005b24000 	C:\Program Files\MATLAB\R2013a\bin\win64\graphics_util.dll
0x0000000076100000 - 0x000000007615a000 	C:\Program Files\MATLAB\R2013a\bin\win64\libmat.dll
0x00000000761c0000 - 0x0000000076200000 	C:\Program Files\MATLAB\R2013a\bin\win64\libmwhardcopy.dll
0x0000000075c70000 - 0x0000000075cce000 	C:\Program Files\MATLAB\R2013a\bin\win64\libuij.dll
0x0000000072f50000 - 0x000000007318f000 	C:\Program Files\MATLAB\R2013a\bin\win64\hgdatatypes.dll
0x0000000075820000 - 0x000000007589e000 	C:\Program Files\MATLAB\R2013a\bin\win64\libmwlapack.dll
0x0000000005b30000 - 0x0000000005b66000 	C:\Program Files\MATLAB\R2013a\bin\win64\libmwgbtutils.dll
0x0000000005b70000 - 0x0000000005b84000 	C:\Program Files\MATLAB\R2013a\bin\win64\libmwgbt.dll
0x0000000053f20000 - 0x000000005447d000 	C:\Program Files\MATLAB\R2013a\bin\win64\mfc100.dll
0x00007fffd3be0000 - 0x00007fffd3c5b000 	C:\Windows\SYSTEM32\WINSPOOL.DRV
0x0000000075430000 - 0x00000000754ab000 	C:\Program Files\MATLAB\R2013a\bin\win64\profiler.dll
0x0000000005b90000 - 0x0000000005e13000 	C:\Program Files\MATLAB\R2013a\bin\win64\libmwmathutil.dll
0x0000000079f40000 - 0x0000000079f66000 	C:\Program Files\MATLAB\R2013a\bin\win64\libmwmathrng.dll
0x000000007a1b0000 - 0x000000007a1d0000 	C:\Program Files\MATLAB\R2013a\bin\win64\m_pcodeio.dll
0x0000000079b10000 - 0x0000000079b6c000 	C:\Program Files\MATLAB\R2013a\bin\win64\m_ir.dll
0x0000000078ed0000 - 0x0000000079579000 	C:\Program Files\MATLAB\R2013a\bin\win64\m_parser.dll
0x000000007a130000 - 0x000000007a158000 	C:\Program Files\MATLAB\R2013a\bin\win64\m_pcodegen.dll
0x0000000005e20000 - 0x0000000005e83000 	C:\Program Files\MATLAB\R2013a\bin\win64\libmwspmatrix.dll
0x0000000005e90000 - 0x0000000005e9e000 	C:\Program Files\MATLAB\R2013a\bin\win64\nativejava_services.dll
0x0000000005ea0000 - 0x0000000005ea9000 	C:\Program Files\MATLAB\R2013a\bin\win64\uinone.dll
0x0000000005eb0000 - 0x0000000005ed6000 	C:\Program Files\MATLAB\R2013a\bin\win64\libmwnativefiledialogs.dll
0x00007fffcbe70000 - 0x00007fffcbe8b000 	C:\Windows\SYSTEM32\MPR.dll
0x0000000053ef0000 - 0x0000000053f1b000 	C:\Program Files\MATLAB\R2013a\bin\win64\ATL100.DLL
0x00007fffca400000 - 0x00007fffca4b8000 	C:\Program Files\MATLAB\R2013a\bin\win64\libtex_base.dll
0x0000000072d30000 - 0x0000000072f38000 	C:\Program Files\MATLAB\R2013a\bin\win64\hdf5dll.dll
0x000000007a310000 - 0x000000007a325000 	C:\Program Files\MATLAB\R2013a\bin\win64\libmwbinder.dll
0x0000000005f00000 - 0x0000000005f0b000 	C:\Program Files\MATLAB\R2013a\bin\win64\libmwompwrapper.dll
0x00007fffd60f0000 - 0x00007fffd60f7000 	C:\Windows\SYSTEM32\MSIMG32.dll
0x0000000005f10000 - 0x0000000005f20000 	C:\Program Files\MATLAB\R2013a\bin\win64\libmwmfl_rng.dll
0x0000000074c10000 - 0x0000000074cf8000 	C:\Program Files\MATLAB\R2013a\bin\win64\libmwmathcore.dll
0x000000007a2f0000 - 0x000000007a307000 	C:\Program Files\MATLAB\R2013a\bin\win64\ir_xfmr.dll
0x0000000005f20000 - 0x0000000005f30000 	C:\Program Files\MATLAB\R2013a\bin\win64\mtok.dll
0x0000000005f30000 - 0x0000000005f3c000 	C:\Program Files\MATLAB\R2013a\bin\win64\libmwplatform_res.dll
0x00007fffd69d0000 - 0x00007fffd6a82000 	C:\Windows\SYSTEM32\SHCORE.DLL
0x0000000075ea0000 - 0x0000000075f02000 	C:\Program Files\MATLAB\R2013a\bin\win64\libmwcholmod.dll
0x0000000005f60000 - 0x0000000005f6d000 	C:\Program Files\MATLAB\R2013a\bin\win64\libmwamd.dll
0x0000000005f70000 - 0x0000000005f7c000 	C:\Program Files\MATLAB\R2013a\bin\win64\libmwcolamd.dll
0x000000007a290000 - 0x000000007a2a3000 	C:\Program Files\MATLAB\R2013a\bin\win64\libmwblas.dll
0x0000000053e40000 - 0x0000000053ee3000 	C:\Windows\WinSxS\amd64_microsoft.vc90.crt_1fc8b3b9a1e18e3b_9.0.30729.8387_none_08e793bfa83a89b5\MSVCR90.dll
0x00007fffd90c0000 - 0x00007fffd90f4000 	C:\Windows\system32\IMM32.DLL
0x00007fffd8eb0000 - 0x00007fffd9001000 	C:\Windows\system32\MSCTF.dll
0x00007fffd7120000 - 0x00007fffd7241000 	C:\Windows\SYSTEM32\UxTheme.dll
0x00007fffd6800000 - 0x00007fffd6820000 	C:\Windows\system32\dwmapi.dll
0x0000000053e30000 - 0x0000000053e3d000 	C:\Program Files\MATLAB\R2013a\bin\win64\MFC100ENU.DLL
0x0000000008490000 - 0x00000000084de000 	C:\Program Files\MATLAB\R2013a\bin\win64\MVMLocal.dll
0x0000000078870000 - 0x0000000078ecd000 	C:\Program Files\MATLAB\R2013a\sys\java\jre\win64\jre\bin\server\jvm.dll
0x00007fffd5720000 - 0x00007fffd573f000 	C:\Windows\SYSTEM32\WINMM.dll
0x00007fffd5350000 - 0x00007fffd537a000 	C:\Windows\SYSTEM32\WINMMBASE.dll
0x00007fffd8e40000 - 0x00007fffd8e8a000 	C:\Windows\SYSTEM32\cfgmgr32.dll

VM Arguments:
jvm_args: -XX:PermSize=32m -Xms64m -XX:NewRatio=3 -XX:MaxPermSize=128m -Xmx196m -XX:MaxDirectMemorySize=2147400000 -Dsun.java2d.noddraw=true -Dsun.awt.nopixfmt=true -Xshare:off -Xrs -Dsun.awt.disableMixing=true -Djava.library.path=C:\Program Files\MATLAB\R2013a\bin\win64;C:\Program Files\MATLAB\R2013a\sys\jxbrowser\win64\lib vfprintf abort -XX:ParallelGCThreads=6 
java_command: <unknown>
Launcher Type: generic

Environment Variables:
PATH=
[error occurred during error reporting (printing environment variables), id 0xc0000005]



---------------  S Y S T E M  ---------------

OS: Windows NT 6.2 Build 9200 

CPU:total 8 (8 cores per cpu, 2 threads per core) family 6 model 58 stepping 9, cmov, cx8, fxsr, mmx, sse, sse2, sse3, ssse3, sse4.1, sse4.2, ht

Memory: 4k page, physical 8203172k(4717564k free), swap 16591780k(10894712k free)

vm_info: Java HotSpot(TM) 64-Bit Server VM (14.3-b01) for windows-amd64 JRE (1.6.0_17-b04), built on Oct 11 2009 00:46:08 by "java_re" with MS VC++ 8.0

time: Mon Mar 30 17:27:34 2015
elapsed time: 1148803 seconds

