#
# A fatal error has been detected by the Java Runtime Environment:
#
#  EXCEPTION_ACCESS_VIOLATION (0xc0000005) at pc=0x000000003b0bc750, pid=5500, tid=1188
#
# JRE version: 6.0_17-b04
# Java VM: Java HotSpot(TM) 64-Bit Server VM (14.3-b01 mixed mode windows-amd64 )
# Problematic frame:
# C  0x000000003b0bc750
#
# If you would like to submit a bug report, please visit:
#   http://java.sun.com/webapps/bugreport/crash.jsp
# The crash happened outside the Java Virtual Machine in native code.
# See problematic frame for where to report the bug.
#

---------------  T H R E A D  ---------------

Current thread (0x000000004e60d800):  JavaThread "AWT-EventQueue-0" [_thread_in_native, id=1188, stack(0x00000000bfff0000,0x00000000c3ff0000)]

siginfo: ExceptionCode=0xc0000005, reading address 0x0000000000000008

Registers:
EAX=0x000000000000000d, EBX=0x000000004e60d9b8, ECX=0x0000000000000000, EDX=0xffffffff96011ef6
ESP=0x00000000c3fee6b8, EBP=0x0000000139f85390, ESI=0x000000004e60d9b8, EDI=0x000000004eff9b50
EIP=0x000000003b0bc750, EFLAGS=0x0000000000010202

Top of Stack: (sp=0x00000000c3fee6b8)
0x00000000c3fee6b8:   000000003b06589c 000000004e60d9b8
0x00000000c3fee6c8:   0000000139f85390 000000004e60d9b8
0x00000000c3fee6d8:   000000004eff9b50 0000000000000000
0x00000000c3fee6e8:   000000004e60d9b8 00000000559f7890
0x00000000c3fee6f8:   000000003b043810 000000004e60d9b8
0x00000000c3fee708:   00000000c3feedb0 00000000c3feed88
0x00000000c3fee718:   0000000139f85390 0000000000000031
0x00000000c3fee728:   000000003b062151 0000000058dba4e8
0x00000000c3fee738:   00000000c3feed90 0000000000000000
0x00000000c3fee748:   00000000c3feed88 0000000000000359
0x00000000c3fee758:   00000000fff0f0f0 000000005e8449f0
0x00000000c3fee768:   000000006414a210 0000000058dba490
0x00000000c3fee778:   0000000000000007 0000000100000000
0x00000000c3fee788:   0000000000000000 0000000000000014
0x00000000c3fee798:   0000000000000000 0000000000000010
0x00000000c3fee7a8:   0000000000000018 000000000000001c 

Instructions: (pc=0x000000003b0bc750)
0x000000003b0bc740:   48 8b 41 08 48 8b 80 18 0c 00 00 c3 cc cc cc cc
0x000000003b0bc750:   48 8b 49 08 48 85 c9 74 05 e9 72 f6 fd ff 33 c0 


Stack: [0x00000000bfff0000,0x00000000c3ff0000],  sp=0x00000000c3fee6b8,  free space=65529k
Native frames: (J=compiled Java code, j=interpreted, Vv=VM code, C=native code)
C  0x000000003b0bc750

Java frames: (J=compiled Java code, j=interpreted, Vv=VM code)
J  sun.java2d.windows.GDIBlitLoops.nativeBlit(Lsun/java2d/SurfaceData;Lsun/java2d/SurfaceData;Lsun/java2d/pipe/Region;IIIIIIIIIZ)V
J  sun.java2d.windows.GDIBlitLoops.Blit(Lsun/java2d/SurfaceData;Lsun/java2d/SurfaceData;Ljava/awt/Composite;Lsun/java2d/pipe/Region;IIIIII)V
J  sun.java2d.pipe.DrawImage.copyImage(Lsun/java2d/SunGraphics2D;Ljava/awt/Image;IILjava/awt/Color;Ljava/awt/image/ImageObserver;)Z
J  sun.java2d.SunGraphics2D.drawImage(Ljava/awt/Image;IILjava/awt/Color;Ljava/awt/image/ImageObserver;)Z
J  javax.swing.RepaintManager$PaintManager.paintDoubleBuffered(Ljavax/swing/JComponent;Ljava/awt/Image;Ljava/awt/Graphics;IIII)V
J  javax.swing.RepaintManager$PaintManager.paint(Ljavax/swing/JComponent;Ljavax/swing/JComponent;Ljava/awt/Graphics;IIII)Z
j  javax.swing.RepaintManager.paint(Ljavax/swing/JComponent;Ljavax/swing/JComponent;Ljava/awt/Graphics;IIII)V+52
J  javax.swing.JComponent.paint(Ljava/awt/Graphics;)V
j  java.awt.GraphicsCallback$PaintCallback.run(Ljava/awt/Component;Ljava/awt/Graphics;)V+2
j  sun.awt.SunGraphicsCallback.runOneComponent(Ljava/awt/Component;Ljava/awt/Rectangle;Ljava/awt/Graphics;Ljava/awt/Shape;I)V+155
j  sun.awt.SunGraphicsCallback.runComponents([Ljava/awt/Component;Ljava/awt/Graphics;I)V+104
j  java.awt.Container.paint(Ljava/awt/Graphics;)V+73
J  javax.swing.RepaintManager.paintDirtyRegions(Ljava/util/Map;)V
j  javax.swing.RepaintManager.paintDirtyRegions()V+46
j  javax.swing.RepaintManager.seqPaintDirtyRegions()V+73
j  javax.swing.SystemEventQueueUtilities$ComponentWorkRequest.run()V+36
J  java.awt.event.InvocationEvent.dispatch()V
J  java.awt.EventDispatchThread.pumpOneEventForFilters(I)Z
J  java.awt.EventDispatchThread.pumpEventsForFilter(ILjava/awt/Conditional;Ljava/awt/EventFilter;)V
j  java.awt.EventDispatchThread.pumpEventsForHierarchy(ILjava/awt/Conditional;Ljava/awt/Component;)V+11
j  java.awt.EventDispatchThread.pumpEvents(ILjava/awt/Conditional;)V+4
j  java.awt.EventDispatchThread.pumpEvents(Ljava/awt/Conditional;)V+3
j  java.awt.EventDispatchThread.run()V+9
v  ~StubRoutines::call_stub

---------------  P R O C E S S  ---------------

Java Threads: ( => current thread )
  0x000000004ecf7800 JavaThread "Code Analyzer updating thread" [_thread_blocked, id=9480, stack(0x0000000110fc0000,0x0000000114fc0000)]
  0x000000004ecfd800 JavaThread "Code Analyzer updating thread" [_thread_blocked, id=9068, stack(0x00000000fbff0000,0x00000000ffff0000)]
  0x000000004ecfe000 JavaThread "Timer queue for AWT thread" daemon [_thread_blocked, id=10380, stack(0x0000000128fc0000,0x000000012cfc0000)]
  0x000000003bd44800 JavaThread "pool-7-thread-1" [_thread_blocked, id=4716, stack(0x0000000134fc0000,0x0000000138fc0000)]
  0x000000004ecff800 JavaThread "Foxtrot Single Worker Thread #1" daemon [_thread_blocked, id=3996, stack(0x0000000104fc0000,0x0000000108fc0000)]
  0x000000004ecf9000 JavaThread "Code Analyzer updating thread" [_thread_blocked, id=5824, stack(0x00000000f3ff0000,0x00000000f7ff0000)]
  0x000000004ecfc000 JavaThread "Active Reference Queue Daemon" daemon [_thread_blocked, id=6560, stack(0x00000000e7ff0000,0x00000000ebff0000)]
  0x000000004ecfb000 JavaThread "Timer-2" daemon [_thread_blocked, id=5316, stack(0x00000000dbff0000,0x00000000dfff0000)]
  0x000000004ecf8000 JavaThread "Prefs Updater" daemon [_thread_blocked, id=5508, stack(0x0000000014180000,0x0000000018180000)]
  0x000000004ecfe800 JavaThread "Swing-Shell" daemon [_thread_blocked, id=5892, stack(0x00000000f7ff0000,0x00000000fbff0000)]
  0x000000004ecfa800 JavaThread "Timer-1" daemon [_thread_blocked, id=6220, stack(0x0000000108fc0000,0x000000010cfc0000)]
  0x000000004ecf9800 JavaThread "com.jniwrapper.NativeResourceCollector" daemon [_thread_blocked, id=1888, stack(0x00000000ffff0000,0x0000000103ff0000)]
  0x000000003bd47000 JavaThread "ClipboardMonitor Timer" daemon [_thread_blocked, id=7524, stack(0x00000000efff0000,0x00000000f3ff0000)]
  0x000000003bd41000 JavaThread "Explorer NavigationContext request queue" daemon [_thread_blocked, id=4664, stack(0x00000000ebff0000,0x00000000efff0000)]
  0x000000003bd46000 JavaThread "AddressBar directory emptiness poller" daemon [_thread_blocked, id=8940, stack(0x00000000e3ff0000,0x00000000e7ff0000)]
  0x000000003bd3f800 JavaThread "Explorer Refresh Service 713421782" daemon [_thread_blocked, id=7988, stack(0x00000000dfff0000,0x00000000e3ff0000)]
  0x000000003bd40800 JavaThread "Thread-4" daemon [_thread_blocked, id=3664, stack(0x00000000d7ff0000,0x00000000dbff0000)]
  0x000000003bd42800 JavaThread "TimerQueue" daemon [_thread_blocked, id=4172, stack(0x00000000d3ff0000,0x00000000d7ff0000)]
  0x000000003bd41800 JavaThread "Thread-3" daemon [_thread_blocked, id=8660, stack(0x00000000c3ff0000,0x00000000c7ff0000)]
  0x000000003b33c800 JavaThread "FelixPackageAdmin" daemon [_thread_blocked, id=7052, stack(0x00000000cfff0000,0x00000000d3ff0000)]
  0x000000003ba69000 JavaThread "FelixStartLevel" daemon [_thread_blocked, id=5308, stack(0x00000000cbff0000,0x00000000cfff0000)]
  0x000000003ba68000 JavaThread "FelixDispatchQueue" daemon [_thread_blocked, id=8872, stack(0x00000000c7ff0000,0x00000000cbff0000)]
=>0x000000004e60d800 JavaThread "AWT-EventQueue-0" [_thread_in_native, id=1188, stack(0x00000000bfff0000,0x00000000c3ff0000)]
  0x000000004e4a6000 JavaThread "AWT-Shutdown" [_thread_blocked, id=9128, stack(0x00000000afff0000,0x00000000b3ff0000)]
  0x000000003b39c800 JavaThread "com.google.common.base.internal.Finalizer" daemon [_thread_blocked, id=5216, stack(0x00000000bbff0000,0x00000000bfff0000)]
  0x000000003b39c000 JavaThread "AWT-Windows" daemon [_thread_in_native, id=7084, stack(0x00000000b3ff0000,0x00000000b7ff0000)]
  0x000000003b8ec000 JavaThread "Java2D Disposer" daemon [_thread_blocked, id=8912, stack(0x00000000abff0000,0x00000000afff0000)]
  0x000000003b3d7800 JavaThread "Timer-0" [_thread_blocked, id=4428, stack(0x00000000a7ff0000,0x00000000abff0000)]
  0x000000003af91000 JavaThread "EventMgr Dispatcher" daemon [_thread_in_native, id=8896, stack(0x00000000a3ff0000,0x00000000a7ff0000)]
  0x000000003aee6800 JavaThread "Low Memory Detector" daemon [_thread_blocked, id=8876, stack(0x000000009bff0000,0x000000009fff0000)]
  0x000000003aee2800 JavaThread "CompilerThread1" daemon [_thread_blocked, id=5412, stack(0x0000000097ff0000,0x000000009bff0000)]
  0x000000003aed8000 JavaThread "CompilerThread0" daemon [_thread_blocked, id=5372, stack(0x0000000093ff0000,0x0000000097ff0000)]
  0x000000003aed7800 JavaThread "Attach Listener" daemon [_thread_blocked, id=8212, stack(0x000000008fff0000,0x0000000093ff0000)]
  0x000000003aea6000 JavaThread "Finalizer" daemon [_thread_blocked, id=5284, stack(0x000000008bff0000,0x000000008fff0000)]
  0x000000003aea5800 JavaThread "Reference Handler" daemon [_thread_blocked, id=8804, stack(0x0000000087ff0000,0x000000008bff0000)]
  0x000000001adc6000 JavaThread "main" [_thread_in_native, id=2772, stack(0x0000000000040000,0x0000000004040000)]

Other Threads:
  0x000000003aea1800 VMThread [stack: 0x0000000083ff0000,0x0000000087ff0000] [id=5940]
  0x000000003af04000 WatcherThread [stack: 0x000000009fff0000,0x00000000a3ff0000] [id=2848]

VM state:not at safepoint (normal execution)

VM Mutex/Monitor currently owned by a thread: None

Heap
 PSYoungGen      total 45760K, used 44007K [0x0000000061e70000, 0x0000000064f60000, 0x0000000064f70000)
  eden space 41856K, 99% used [0x0000000061e70000,0x00000000647321c0,0x0000000064750000)
  from space 3904K, 58% used [0x0000000064750000,0x0000000064987d70,0x0000000064b20000)
  to   space 3840K, 0% used [0x0000000064ba0000,0x0000000064ba0000,0x0000000064f60000)
 PSOldGen        total 150528K, used 138102K [0x0000000058b70000, 0x0000000061e70000, 0x0000000061e70000)
  object space 150528K, 91% used [0x0000000058b70000,0x000000006124d8f0,0x0000000061e70000)
 PSPermGen       total 81600K, used 80453K [0x0000000050b70000, 0x0000000055b20000, 0x0000000058b70000)
  object space 81600K, 98% used [0x0000000050b70000,0x0000000055a01678,0x0000000055b20000)

Dynamic libraries:
0x0000000140000000 - 0x0000000140028000 	C:\Program Files\MATLAB\R2013a\bin\win64\MATLAB.exe
0x00007ffd35070000 - 0x00007ffd3521c000 	C:\Windows\SYSTEM32\ntdll.dll
0x00007ffd34690000 - 0x00007ffd347ca000 	C:\Windows\system32\KERNEL32.DLL
0x00007ffd326b0000 - 0x00007ffd327bf000 	C:\Windows\system32\KERNELBASE.dll
0x0000000074460000 - 0x0000000074515000 	C:\Program Files\MATLAB\R2013a\bin\win64\libut.dll
0x0000000073f70000 - 0x0000000074112000 	C:\Program Files\MATLAB\R2013a\bin\win64\libmwfl.dll
0x0000000180000000 - 0x000000018032f000 	C:\Program Files\MATLAB\R2013a\bin\win64\libmwservices.dll
0x0000000074970000 - 0x0000000074a18000 	C:\Program Files\MATLAB\R2013a\bin\win64\mcr.dll
0x0000000004240000 - 0x0000000004396000 	C:\Program Files\MATLAB\R2013a\bin\win64\mvm.dll
0x0000000050ad0000 - 0x0000000050b68000 	C:\Program Files\MATLAB\R2013a\bin\win64\MSVCP100.dll
0x0000000076a60000 - 0x0000000076b32000 	C:\Program Files\MATLAB\R2013a\bin\win64\MSVCR100.dll
0x00000000758a0000 - 0x000000007595f000 	C:\Program Files\MATLAB\R2013a\bin\win64\libmwi18n.dll
0x00000000043a0000 - 0x00000000043c1000 	C:\Program Files\MATLAB\R2013a\bin\win64\libmwmfl_scalar.dll
0x0000000050ac0000 - 0x0000000050ac9000 	C:\Program Files\MATLAB\R2013a\bin\win64\boost_system-vc100-mt-1_49.dll
0x0000000050aa0000 - 0x0000000050ab1000 	C:\Program Files\MATLAB\R2013a\bin\win64\boost_thread-vc100-mt-1_49.dll
0x00007ffd2c090000 - 0x00007ffd2c11c000 	C:\Program Files\MATLAB\R2013a\bin\win64\boost_log-vc100-mt-1_49.dll
0x0000000076920000 - 0x0000000076a5e000 	C:\Program Files\MATLAB\R2013a\bin\win64\icuuc49.dll
0x0000000050a90000 - 0x0000000050aa0000 	C:\Program Files\MATLAB\R2013a\bin\win64\icuio49.dll
0x00007ffd2bdf0000 - 0x00007ffd2be23000 	C:\Program Files\MATLAB\R2013a\bin\win64\tbb.dll
0x00007ffd34cd0000 - 0x00007ffd34cd7000 	C:\Windows\system32\PSAPI.DLL
0x00007ffd2dd70000 - 0x00007ffd2def8000 	C:\Windows\SYSTEM32\dbghelp.dll
0x00007ffd345e0000 - 0x00007ffd34685000 	C:\Windows\system32\ADVAPI32.dll
0x00007ffd327c0000 - 0x00007ffd32931000 	C:\Windows\system32\USER32.dll
0x0000000000020000 - 0x000000000002d000 	C:\Program Files\MATLAB\R2013a\bin\win64\libmwresource_core.dll
0x000000007a350000 - 0x000000007a737000 	C:\Program Files\MATLAB\R2013a\bin\win64\libmwMATLAB_res.dll
0x0000000050a80000 - 0x0000000050a8e000 	C:\Program Files\MATLAB\R2013a\bin\win64\boost_date_time-vc100-mt-1_49.dll
0x0000000077b60000 - 0x0000000077b8c000 	C:\Program Files\MATLAB\R2013a\bin\win64\boost_filesystem-vc100-mt-1_49.dll
0x0000000076840000 - 0x000000007691f000 	C:\Program Files\MATLAB\R2013a\bin\win64\boost_regex-vc100-mt-1_49.dll
0x0000000050a60000 - 0x0000000050a71000 	C:\Program Files\MATLAB\R2013a\bin\win64\boost_signals-vc100-mt-1_49.dll
0x00007ffd34ce0000 - 0x00007ffd34cf5000 	C:\Windows\system32\imagehlp.dll
0x00007ffd31980000 - 0x00007ffd319c5000 	C:\Windows\SYSTEM32\POWRPROF.dll
0x0000000075a20000 - 0x0000000075b0b000 	C:\Program Files\MATLAB\R2013a\bin\win64\libmx.dll
0x00000000043d0000 - 0x000000000441e000 	C:\Program Files\MATLAB\R2013a\bin\win64\libmwregexp.dll
0x0000000075f10000 - 0x0000000075f57000 	C:\Program Files\MATLAB\R2013a\bin\win64\mpath.dll
0x000000007b680000 - 0x000000007bc66000 	C:\Program Files\MATLAB\R2013a\bin\win64\mlutil.dll
0x0000000004420000 - 0x0000000004442000 	C:\Program Files\MATLAB\R2013a\bin\win64\libmwMATLAB_settings_res.dll
0x00000000040b0000 - 0x00000000040b6000 	C:\Program Files\MATLAB\R2013a\bin\win64\libmwnativedisplay.dll
0x00007ffd2c5d0000 - 0x00007ffd2c5e0000 	C:\Program Files\MATLAB\R2013a\bin\win64\boost_iostreams-vc100-mt-1_49.dll
0x00007ffd2bda0000 - 0x00007ffd2bde6000 	C:\Program Files\MATLAB\R2013a\bin\win64\boost_serialization-vc100-mt-1_49.dll
0x00007ffd32380000 - 0x00007ffd32421000 	C:\Windows\WinSxS\amd64_microsoft.windows.common-controls_6595b64144ccf1df_5.82.9600.16384_none_34a8918f959016ea\COMCTL32.dll
0x00007ffd32b10000 - 0x00007ffd32bae000 	C:\Windows\system32\COMDLG32.dll
0x00007ffd31800000 - 0x00007ffd31815000 	C:\Windows\SYSTEM32\NETAPI32.dll
0x00007ffd32940000 - 0x00007ffd32998000 	C:\Windows\system32\WS2_32.dll
0x00000000765f0000 - 0x0000000076831000 	C:\Program Files\MATLAB\R2013a\bin\win64\xerces-c_2_7.dll
0x00007ffd32f20000 - 0x00007ffd34438000 	C:\Windows\system32\SHELL32.dll
0x00007ffd34b50000 - 0x00007ffd34cc8000 	C:\Windows\system32\ole32.dll
0x00007ffd32bb0000 - 0x00007ffd32c71000 	C:\Windows\system32\OLEAUT32.dll
0x0000000075000000 - 0x00000000753b1000 	C:\Program Files\MATLAB\R2013a\bin\win64\iqm.dll
0x0000000079fb0000 - 0x0000000079fdf000 	C:\Program Files\MATLAB\R2013a\bin\win64\libmwbridge.dll
0x0000000004450000 - 0x0000000004474000 	C:\Program Files\MATLAB\R2013a\bin\win64\libmex.dll
0x0000000074e80000 - 0x0000000074f30000 	C:\Program Files\MATLAB\R2013a\bin\win64\m_dispatcher.dll
0x000000007b0a0000 - 0x000000007b2f6000 	C:\Program Files\MATLAB\R2013a\bin\win64\mcos.dll
0x0000000073cc0000 - 0x0000000073e0e000 	C:\Program Files\MATLAB\R2013a\bin\win64\libmwgui.dll
0x0000000004480000 - 0x0000000004dc3000 	C:\Program Files\MATLAB\R2013a\bin\win64\hg.dll
0x0000000004dd0000 - 0x0000000004ebb000 	C:\Program Files\MATLAB\R2013a\bin\win64\hgutils.dll
0x0000000004ec0000 - 0x00000000056c8000 	C:\Program Files\MATLAB\R2013a\bin\win64\m_interpreter.dll
0x0000000075710000 - 0x00000000757d8000 	C:\Program Files\MATLAB\R2013a\bin\win64\jmi.dll
0x00000000056d0000 - 0x000000000577e000 	C:\Program Files\MATLAB\R2013a\bin\win64\udd_mi.dll
0x0000000005780000 - 0x0000000005a4e000 	C:\Program Files\MATLAB\R2013a\bin\win64\uiw.dll
0x000000007a1f0000 - 0x000000007a20d000 	C:\Program Files\MATLAB\R2013a\bin\win64\mwoles05.DLL
0x0000000005a50000 - 0x0000000005abc000 	C:\Program Files\MATLAB\R2013a\bin\win64\comcli.dll
0x0000000005ac0000 - 0x0000000005acc000 	C:\Program Files\MATLAB\R2013a\bin\win64\mlautoregister.dll
0x00007ffd34f20000 - 0x00007ffd35064000 	C:\Windows\system32\GDI32.dll
0x0000000077b30000 - 0x0000000077b55000 	C:\Program Files\MATLAB\R2013a\bin\win64\LIBEXPAT.dll
0x0000000076460000 - 0x00000000765ea000 	C:\Program Files\MATLAB\R2013a\bin\win64\icuin49.dll
0x0000000005ae0000 - 0x0000000006c02000 	C:\Program Files\MATLAB\R2013a\bin\win64\icudt49.dll
0x00007ffd329a0000 - 0x00007ffd32a47000 	C:\Windows\system32\msvcrt.dll
0x00007ffd34d00000 - 0x00007ffd34d59000 	C:\Windows\SYSTEM32\sechost.dll
0x00007ffd347d0000 - 0x00007ffd34907000 	C:\Windows\system32\RPCRT4.dll
0x00007ffd2bc00000 - 0x00007ffd2bc28000 	C:\Program Files\MATLAB\R2013a\bin\win64\tbbmalloc.dll
0x0000000077b10000 - 0x0000000077b27000 	C:\Program Files\MATLAB\R2013a\bin\win64\zlib1.dll
0x00000000754d0000 - 0x0000000075547000 	C:\Program Files\MATLAB\R2013a\bin\win64\xmlcore.dll
0x00007ffd32ab0000 - 0x00007ffd32b01000 	C:\Windows\system32\SHLWAPI.dll
0x00007ffd31bf0000 - 0x00007ffd31bfc000 	C:\Windows\SYSTEM32\netutils.dll
0x00007ffd31f80000 - 0x00007ffd31fa5000 	C:\Windows\SYSTEM32\srvcli.dll
0x00007ffd31230000 - 0x00007ffd31246000 	C:\Windows\SYSTEM32\wkscli.dll
0x00007ffd34910000 - 0x00007ffd34919000 	C:\Windows\system32\NSI.dll
0x00007ffd32d40000 - 0x00007ffd32f16000 	C:\Windows\SYSTEM32\combase.dll
0x0000000074f40000 - 0x0000000074ff6000 	C:\Program Files\MATLAB\R2013a\bin\win64\udd.dll
0x0000000006c30000 - 0x0000000006c54000 	C:\Program Files\MATLAB\R2013a\bin\win64\graphics_util.dll
0x0000000076100000 - 0x000000007615a000 	C:\Program Files\MATLAB\R2013a\bin\win64\libmat.dll
0x00000000761c0000 - 0x0000000076200000 	C:\Program Files\MATLAB\R2013a\bin\win64\libmwhardcopy.dll
0x0000000075c70000 - 0x0000000075cce000 	C:\Program Files\MATLAB\R2013a\bin\win64\libuij.dll
0x0000000072f50000 - 0x000000007318f000 	C:\Program Files\MATLAB\R2013a\bin\win64\hgdatatypes.dll
0x0000000075820000 - 0x000000007589e000 	C:\Program Files\MATLAB\R2013a\bin\win64\libmwlapack.dll
0x0000000006c60000 - 0x0000000006c96000 	C:\Program Files\MATLAB\R2013a\bin\win64\libmwgbtutils.dll
0x0000000006ca0000 - 0x0000000006cb4000 	C:\Program Files\MATLAB\R2013a\bin\win64\libmwgbt.dll
0x0000000006cc0000 - 0x000000000721d000 	C:\Program Files\MATLAB\R2013a\bin\win64\mfc100.dll
0x00007ffd2e9f0000 - 0x00007ffd2ea6b000 	C:\Windows\SYSTEM32\WINSPOOL.DRV
0x0000000075430000 - 0x00000000754ab000 	C:\Program Files\MATLAB\R2013a\bin\win64\profiler.dll
0x0000000007220000 - 0x00000000074a3000 	C:\Program Files\MATLAB\R2013a\bin\win64\libmwmathutil.dll
0x0000000079f40000 - 0x0000000079f66000 	C:\Program Files\MATLAB\R2013a\bin\win64\libmwmathrng.dll
0x000000007a1b0000 - 0x000000007a1d0000 	C:\Program Files\MATLAB\R2013a\bin\win64\m_pcodeio.dll
0x0000000079b10000 - 0x0000000079b6c000 	C:\Program Files\MATLAB\R2013a\bin\win64\m_ir.dll
0x0000000078ed0000 - 0x0000000079579000 	C:\Program Files\MATLAB\R2013a\bin\win64\m_parser.dll
0x000000007a130000 - 0x000000007a158000 	C:\Program Files\MATLAB\R2013a\bin\win64\m_pcodegen.dll
0x00000000074b0000 - 0x0000000007513000 	C:\Program Files\MATLAB\R2013a\bin\win64\libmwspmatrix.dll
0x0000000007520000 - 0x000000000752e000 	C:\Program Files\MATLAB\R2013a\bin\win64\nativejava_services.dll
0x0000000007530000 - 0x0000000007539000 	C:\Program Files\MATLAB\R2013a\bin\win64\uinone.dll
0x0000000007540000 - 0x0000000007566000 	C:\Program Files\MATLAB\R2013a\bin\win64\libmwnativefiledialogs.dll
0x00007ffd24c20000 - 0x00007ffd24c3b000 	C:\Windows\SYSTEM32\MPR.dll
0x0000000074da0000 - 0x0000000074dcb000 	C:\Program Files\MATLAB\R2013a\bin\win64\ATL100.DLL
0x00007ffd2bb40000 - 0x00007ffd2bbf8000 	C:\Program Files\MATLAB\R2013a\bin\win64\libtex_base.dll
0x0000000072d30000 - 0x0000000072f38000 	C:\Program Files\MATLAB\R2013a\bin\win64\hdf5dll.dll
0x000000007a310000 - 0x000000007a325000 	C:\Program Files\MATLAB\R2013a\bin\win64\libmwbinder.dll
0x0000000007590000 - 0x000000000759b000 	C:\Program Files\MATLAB\R2013a\bin\win64\libmwompwrapper.dll
0x00007ffd2fbf0000 - 0x00007ffd2fbf7000 	C:\Windows\SYSTEM32\MSIMG32.dll
0x00000000075a0000 - 0x00000000075b0000 	C:\Program Files\MATLAB\R2013a\bin\win64\libmwmfl_rng.dll
0x0000000074c10000 - 0x0000000074cf8000 	C:\Program Files\MATLAB\R2013a\bin\win64\libmwmathcore.dll
0x000000007a2f0000 - 0x000000007a307000 	C:\Program Files\MATLAB\R2013a\bin\win64\ir_xfmr.dll
0x00000000075b0000 - 0x00000000075c0000 	C:\Program Files\MATLAB\R2013a\bin\win64\mtok.dll
0x00000000075c0000 - 0x00000000075cc000 	C:\Program Files\MATLAB\R2013a\bin\win64\libmwplatform_res.dll
0x00007ffd302f0000 - 0x00007ffd303a2000 	C:\Windows\SYSTEM32\SHCORE.DLL
0x0000000075ea0000 - 0x0000000075f02000 	C:\Program Files\MATLAB\R2013a\bin\win64\libmwcholmod.dll
0x00000000075f0000 - 0x00000000075fd000 	C:\Program Files\MATLAB\R2013a\bin\win64\libmwamd.dll
0x0000000007600000 - 0x000000000760c000 	C:\Program Files\MATLAB\R2013a\bin\win64\libmwcolamd.dll
0x000000007a290000 - 0x000000007a2a3000 	C:\Program Files\MATLAB\R2013a\bin\win64\libmwblas.dll
0x0000000007610000 - 0x00000000076b3000 	C:\Windows\WinSxS\amd64_microsoft.vc90.crt_1fc8b3b9a1e18e3b_9.0.30729.8387_none_08e793bfa83a89b5\MSVCR90.dll
0x00007ffd34b00000 - 0x00007ffd34b34000 	C:\Windows\system32\IMM32.DLL
0x00007ffd34dc0000 - 0x00007ffd34f12000 	C:\Windows\system32\MSCTF.dll
0x00007ffd30a40000 - 0x00007ffd30b61000 	C:\Windows\SYSTEM32\UxTheme.dll
0x00007ffd30120000 - 0x00007ffd30140000 	C:\Windows\system32\dwmapi.dll
0x0000000007790000 - 0x000000000779d000 	C:\Program Files\MATLAB\R2013a\bin\win64\MFC100ENU.DLL
0x00000000094e0000 - 0x000000000952e000 	C:\Program Files\MATLAB\R2013a\bin\win64\MVMLocal.dll
0x0000000078870000 - 0x0000000078ecd000 	C:\Program Files\MATLAB\R2013a\sys\java\jre\win64\jre\bin\server\jvm.dll
0x00007ffd2f0a0000 - 0x00007ffd2f0bf000 	C:\Windows\SYSTEM32\WINMM.dll
0x00007ffd2ef10000 - 0x00007ffd2ef3a000 	C:\Windows\SYSTEM32\WINMMBASE.dll
0x00007ffd32660000 - 0x00007ffd326aa000 	C:\Windows\SYSTEM32\cfgmgr32.dll

VM Arguments:
jvm_args: -XX:PermSize=32m -Xms64m -XX:NewRatio=3 -XX:MaxPermSize=128m -Xmx196m -XX:MaxDirectMemorySize=2147400000 -Dsun.java2d.noddraw=true -Dsun.awt.nopixfmt=true -Xshare:off -Xrs -Dsun.awt.disableMixing=true -Djava.library.path=C:\Program Files\MATLAB\R2013a\bin\win64;C:\Program Files\MATLAB\R2013a\sys\jxbrowser\win64\lib vfprintf abort -XX:ParallelGCThreads=6 
java_command: <unknown>
Launcher Type: generic

Environment Variables:
PATH=
[error occurred during error reporting (printing environment variables), id 0xc0000005]



---------------  S Y S T E M  ---------------

OS: Windows NT 6.2 Build 9200 

CPU:total 8 (8 cores per cpu, 2 threads per core) family 6 model 58 stepping 9, cmov, cx8, fxsr, mmx, sse, sse2, sse3, ssse3, sse4.1, sse4.2, ht

Memory: 4k page, physical 8203172k(4935516k free), swap 16591780k(11944056k free)

vm_info: Java HotSpot(TM) 64-Bit Server VM (14.3-b01) for windows-amd64 JRE (1.6.0_17-b04), built on Oct 11 2009 00:46:08 by "java_re" with MS VC++ 8.0

time: Sat Apr 25 00:11:07 2015
elapsed time: 308121 seconds

